# JRE version: Java(TM) SE Runtime Environment Oracle GraalVM 25.0.1+8.1 (25.0.1+8) (build 25.0.1+8-LTS-jvmci-b01)
# Java VM: Java HotSpot(TM) 64-Bit Server VM Oracle GraalVM 25.0.1+8.1 (25.0.1+8-LTS-jvmci-b01, mixed mode, sharing, tiered, jvmci, jvmci compiler, compressed oops, compressed class ptrs, g1 gc, windows-amd64)
GC Precious Log:
 CardTable entry size: 512
 Card Set container configuration: InlinePtr #cards 4 size 8 Array Of Cards #cards 16 size 48 Howl #buckets 8 coarsen threshold 3686 Howl Bitmap #cards 512 size 80 coarsen threshold 460 Card regions per heap region 1 cards per card region 4096
 CPUs: 16 total, 16 available
 Memory: 16087M
 Large Page Support: Disabled
 NUMA Support: Disabled
 Compressed Oops: Enabled (Zero based)
 Heap Region Size: 2M
 Heap Min Capacity: 8M
 Heap Initial Capacity: 252M
 Heap Max Capacity: 4022M
 Pre-touch: Disabled
 Parallel Workers: 13
 Concurrent Workers: 3
 Concurrent Refinement Workers: 13
 Periodic GC: Disabled
Heap:
 garbage-first heap   total reserved 4118528K, committed 94208K, used 64920K [0x0000000704a00000, 0x0000000800000000)
  region size 2048K, 24 young (49152K), 10 survivors (20480K)
GC Heap Usage History (8 events):
Event: 6.414 {heap Before GC invocations=0 (full 0):
 garbage-first heap   total reserved 4118528K, committed 260096K, used 50413K [0x0000000704a00000, 0x0000000800000000)
  region size 2048K, 24 young (49152K), 0 survivors (0K)
}
Event: 6.418 {heap After GC invocations=1 (full 0):
 garbage-first heap   total reserved 4118528K, committed 260096K, used 6119K [0x0000000704a00000, 0x0000000800000000)
  region size 2048K, 3 young (6144K), 3 survivors (6144K)
}
Event: 8.631 {heap Before GC invocations=1 (full 0):
 garbage-first heap   total reserved 4118528K, committed 260096K, used 116711K [0x0000000704a00000, 0x0000000800000000)
  region size 2048K, 58 young (118784K), 3 survivors (6144K)
}
Event: 8.637 {heap After GC invocations=2 (full 0):
 garbage-first heap   total reserved 4118528K, committed 260096K, used 15166K [0x0000000704a00000, 0x0000000800000000)
  region size 2048K, 7 young (14336K), 7 survivors (14336K)
}
Event: 9.824 {heap Before GC invocations=2 (full 0):
 garbage-first heap   total reserved 4118528K, committed 260096K, used 62270K [0x0000000704a00000, 0x0000000800000000)
  region size 2048K, 15 young (30720K), 7 survivors (14336K)
}
Event: 9.829 {heap After GC invocations=3 (full 0):
 garbage-first heap   total reserved 4118528K, committed 260096K, used 17025K [0x0000000704a00000, 0x0000000800000000)
  region size 2048K, 6 young (12288K), 6 survivors (12288K)
}
Event: 10.237 {heap Before GC invocations=4 (full 0):
 garbage-first heap   total reserved 4118528K, committed 69632K, used 64129K [0x0000000704a00000, 0x0000000800000000)
  region size 2048K, 26 young (53248K), 6 survivors (12288K)
}
Event: 10.244 {heap After GC invocations=5 (full 0):
 garbage-first heap   total reserved 4118528K, committed 94208K, used 38296K [0x0000000704a00000, 0x0000000800000000)
  region size 2048K, 10 young (20480K), 10 survivors (20480K)
}

